<?xml version="1.0" encoding="UTF-8"?>
<testng-results skipped="1" failed="2" ignored="0" total="4" passed="1">
  <reporter-output>
  </reporter-output>
  <suite name="Default suite" duration-ms="35102" started-at="2017-09-15T11:18:53Z" finished-at="2017-09-15T11:19:28Z">
    <groups>
    </groups>
    <test name="Default test" duration-ms="35102" started-at="2017-09-15T11:18:53Z" finished-at="2017-09-15T11:19:28Z">
      <class name="MavenProj.homePage.TC_newUser">
        <test-method status="PASS" signature="setup()[pri:0, instance:MavenProj.homePage.TC_newUser@35fc6dc4]" name="setup" is-config="true" duration-ms="14869" started-at="2017-09-15T16:48:53Z" finished-at="2017-09-15T16:49:08Z">
          <reporter-output>
          </reporter-output>
        </test-method> <!-- setup -->
        <test-method status="PASS" signature="beforeMethod(java.lang.reflect.Method)[pri:0, instance:MavenProj.homePage.TC_newUser@35fc6dc4]" name="beforeMethod" is-config="true" duration-ms="14" started-at="2017-09-15T16:49:10Z" finished-at="2017-09-15T16:49:10Z">
          <params>
            <param index="0">
              <value>
                <![CDATA[public void MavenProj.homePage.TC_newUser.userLogin(java.lang.String,java.lang.String,java.lang.String)]]>
              </value>
            </param>
          </params>
          <reporter-output>
          </reporter-output>
        </test-method> <!-- beforeMethod -->
        <test-method status="FAIL" signature="userLogin(java.lang.String, java.lang.String, java.lang.String)[pri:1, instance:MavenProj.homePage.TC_newUser@35fc6dc4]" name="userLogin" duration-ms="2489" started-at="2017-09-15T16:49:10Z" data-provider="loginData" finished-at="2017-09-15T16:49:12Z">
          <params>
            <param index="0">
              <value>
                <![CDATA[abccba@gmail.com]]>
              </value>
            </param>
            <param index="1">
              <value>
                <![CDATA[P@ssw0rd]]>
              </value>
            </param>
            <param index="2">
              <value>
                <![CDATA[y]]>
              </value>
            </param>
          </params>
          <exception class="java.lang.NullPointerException">
            <full-stacktrace>
              <![CDATA[java.lang.NullPointerException
	at MavenProj.uiActions.HomePage.loginToApplication(HomePage.java:89)
	at MavenProj.homePage.TC_newUser.userLogin(TC_newUser.java:46)
	at sun.reflect.NativeMethodAccessorImpl.invoke0(Native Method)
	at sun.reflect.NativeMethodAccessorImpl.invoke(Unknown Source)
	at sun.reflect.DelegatingMethodAccessorImpl.invoke(Unknown Source)
	at java.lang.reflect.Method.invoke(Unknown Source)
	at org.testng.internal.MethodInvocationHelper.invokeMethod(MethodInvocationHelper.java:104)
	at org.testng.internal.Invoker.invokeMethod(Invoker.java:645)
	at org.testng.internal.Invoker.invokeTestMethod(Invoker.java:851)
	at org.testng.internal.Invoker.invokeTestMethods(Invoker.java:1177)
	at org.testng.internal.TestMethodWorker.invokeTestMethods(TestMethodWorker.java:129)
	at org.testng.internal.TestMethodWorker.run(TestMethodWorker.java:112)
	at org.testng.TestRunner.privateRun(TestRunner.java:756)
	at org.testng.TestRunner.run(TestRunner.java:610)
	at org.testng.SuiteRunner.runTest(SuiteRunner.java:387)
	at org.testng.SuiteRunner.runSequentially(SuiteRunner.java:382)
	at org.testng.SuiteRunner.privateRun(SuiteRunner.java:340)
	at org.testng.SuiteRunner.run(SuiteRunner.java:289)
	at org.testng.SuiteRunnerWorker.runSuite(SuiteRunnerWorker.java:52)
	at org.testng.SuiteRunnerWorker.run(SuiteRunnerWorker.java:86)
	at org.testng.TestNG.runSuitesSequentially(TestNG.java:1293)
	at org.testng.TestNG.runSuitesLocally(TestNG.java:1218)
	at org.testng.TestNG.runSuites(TestNG.java:1133)
	at org.testng.TestNG.run(TestNG.java:1104)
	at org.testng.remote.AbstractRemoteTestNG.run(AbstractRemoteTestNG.java:132)
	at org.testng.remote.RemoteTestNG.initAndRun(RemoteTestNG.java:230)
	at org.testng.remote.RemoteTestNG.main(RemoteTestNG.java:76)
]]>
            </full-stacktrace>
          </exception> <!-- java.lang.NullPointerException -->
          <reporter-output>
          </reporter-output>
        </test-method> <!-- userLogin -->
        <test-method status="PASS" signature="afterMethod(org.testng.ITestResult)[pri:0, instance:MavenProj.homePage.TC_newUser@35fc6dc4]" name="afterMethod" is-config="true" duration-ms="1" started-at="2017-09-15T16:49:12Z" finished-at="2017-09-15T16:49:12Z">
          <params>
            <param index="0">
              <value>
                <![CDATA[[TestResult name=userLogin status=FAILURE method=TC_newUser.userLogin(java.lang.String, java.lang.String, java.lang.String)[pri:1, instance:MavenProj.homePage.TC_newUser@35fc6dc4] output={null}]]]>
              </value>
            </param>
          </params>
          <reporter-output>
          </reporter-output>
        </test-method> <!-- afterMethod -->
        <test-method status="PASS" signature="beforeMethod(java.lang.reflect.Method)[pri:0, instance:MavenProj.homePage.TC_newUser@35fc6dc4]" name="beforeMethod" is-config="true" duration-ms="1" started-at="2017-09-15T16:49:12Z" finished-at="2017-09-15T16:49:12Z">
          <params>
            <param index="0">
              <value>
                <![CDATA[public void MavenProj.homePage.TC_newUser.userLogin(java.lang.String,java.lang.String,java.lang.String)]]>
              </value>
            </param>
          </params>
          <reporter-output>
          </reporter-output>
        </test-method> <!-- beforeMethod -->
        <test-method status="FAIL" signature="userLogin(java.lang.String, java.lang.String, java.lang.String)[pri:1, instance:MavenProj.homePage.TC_newUser@35fc6dc4]" name="userLogin" duration-ms="1653" started-at="2017-09-15T16:49:12Z" data-provider="loginData" finished-at="2017-09-15T16:49:14Z">
          <params>
            <param index="0">
              <value>
                <![CDATA[pratiksha@gmail.com]]>
              </value>
            </param>
            <param index="1">
              <value>
                <![CDATA[qwerty]]>
              </value>
            </param>
            <param index="2">
              <value>
                <![CDATA[y]]>
              </value>
            </param>
          </params>
          <exception class="java.lang.NullPointerException">
            <full-stacktrace>
              <![CDATA[java.lang.NullPointerException
	at MavenProj.uiActions.HomePage.loginToApplication(HomePage.java:89)
	at MavenProj.homePage.TC_newUser.userLogin(TC_newUser.java:46)
	at sun.reflect.NativeMethodAccessorImpl.invoke0(Native Method)
	at sun.reflect.NativeMethodAccessorImpl.invoke(Unknown Source)
	at sun.reflect.DelegatingMethodAccessorImpl.invoke(Unknown Source)
	at java.lang.reflect.Method.invoke(Unknown Source)
	at org.testng.internal.MethodInvocationHelper.invokeMethod(MethodInvocationHelper.java:104)
	at org.testng.internal.Invoker.invokeMethod(Invoker.java:645)
	at org.testng.internal.Invoker.invokeTestMethod(Invoker.java:851)
	at org.testng.internal.Invoker.invokeTestMethods(Invoker.java:1177)
	at org.testng.internal.TestMethodWorker.invokeTestMethods(TestMethodWorker.java:129)
	at org.testng.internal.TestMethodWorker.run(TestMethodWorker.java:112)
	at org.testng.TestRunner.privateRun(TestRunner.java:756)
	at org.testng.TestRunner.run(TestRunner.java:610)
	at org.testng.SuiteRunner.runTest(SuiteRunner.java:387)
	at org.testng.SuiteRunner.runSequentially(SuiteRunner.java:382)
	at org.testng.SuiteRunner.privateRun(SuiteRunner.java:340)
	at org.testng.SuiteRunner.run(SuiteRunner.java:289)
	at org.testng.SuiteRunnerWorker.runSuite(SuiteRunnerWorker.java:52)
	at org.testng.SuiteRunnerWorker.run(SuiteRunnerWorker.java:86)
	at org.testng.TestNG.runSuitesSequentially(TestNG.java:1293)
	at org.testng.TestNG.runSuitesLocally(TestNG.java:1218)
	at org.testng.TestNG.runSuites(TestNG.java:1133)
	at org.testng.TestNG.run(TestNG.java:1104)
	at org.testng.remote.AbstractRemoteTestNG.run(AbstractRemoteTestNG.java:132)
	at org.testng.remote.RemoteTestNG.initAndRun(RemoteTestNG.java:230)
	at org.testng.remote.RemoteTestNG.main(RemoteTestNG.java:76)
]]>
            </full-stacktrace>
          </exception> <!-- java.lang.NullPointerException -->
          <reporter-output>
          </reporter-output>
        </test-method> <!-- userLogin -->
        <test-method status="PASS" signature="afterMethod(org.testng.ITestResult)[pri:0, instance:MavenProj.homePage.TC_newUser@35fc6dc4]" name="afterMethod" is-config="true" duration-ms="1" started-at="2017-09-15T16:49:14Z" finished-at="2017-09-15T16:49:14Z">
          <params>
            <param index="0">
              <value>
                <![CDATA[[TestResult name=userLogin status=FAILURE method=TC_newUser.userLogin(java.lang.String, java.lang.String, java.lang.String)[pri:1, instance:MavenProj.homePage.TC_newUser@35fc6dc4] output={null}]]]>
              </value>
            </param>
          </params>
          <reporter-output>
          </reporter-output>
        </test-method> <!-- afterMethod -->
        <test-method status="PASS" signature="beforeMethod(java.lang.reflect.Method)[pri:0, instance:MavenProj.homePage.TC_newUser@35fc6dc4]" name="beforeMethod" is-config="true" duration-ms="1" started-at="2017-09-15T16:49:14Z" finished-at="2017-09-15T16:49:14Z">
          <params>
            <param index="0">
              <value>
                <![CDATA[public void MavenProj.homePage.TC_newUser.userLogin(java.lang.String,java.lang.String,java.lang.String)]]>
              </value>
            </param>
          </params>
          <reporter-output>
          </reporter-output>
        </test-method> <!-- beforeMethod -->
        <test-method status="SKIP" signature="userLogin(java.lang.String, java.lang.String, java.lang.String)[pri:1, instance:MavenProj.homePage.TC_newUser@35fc6dc4]" name="userLogin" duration-ms="4" started-at="2017-09-15T16:49:14Z" data-provider="loginData" finished-at="2017-09-15T16:49:14Z">
          <params>
            <param index="0">
              <value>
                <![CDATA[sdg@gmail.com]]>
              </value>
            </param>
            <param index="1">
              <value>
                <![CDATA[sdf]]>
              </value>
            </param>
            <param index="2">
              <value>
                <![CDATA[n]]>
              </value>
            </param>
          </params>
          <exception class="org.testng.SkipException">
            <message>
              <![CDATA[Skipping as Run mode set as No]]>
            </message>
            <full-stacktrace>
              <![CDATA[org.testng.SkipException: Skipping as Run mode set as No
	at MavenProj.homePage.TC_newUser.userLogin(TC_newUser.java:38)
	at sun.reflect.NativeMethodAccessorImpl.invoke0(Native Method)
	at sun.reflect.NativeMethodAccessorImpl.invoke(Unknown Source)
	at sun.reflect.DelegatingMethodAccessorImpl.invoke(Unknown Source)
	at java.lang.reflect.Method.invoke(Unknown Source)
	at org.testng.internal.MethodInvocationHelper.invokeMethod(MethodInvocationHelper.java:104)
	at org.testng.internal.Invoker.invokeMethod(Invoker.java:645)
	at org.testng.internal.Invoker.invokeTestMethod(Invoker.java:851)
	at org.testng.internal.Invoker.invokeTestMethods(Invoker.java:1177)
	at org.testng.internal.TestMethodWorker.invokeTestMethods(TestMethodWorker.java:129)
	at org.testng.internal.TestMethodWorker.run(TestMethodWorker.java:112)
	at org.testng.TestRunner.privateRun(TestRunner.java:756)
	at org.testng.TestRunner.run(TestRunner.java:610)
	at org.testng.SuiteRunner.runTest(SuiteRunner.java:387)
	at org.testng.SuiteRunner.runSequentially(SuiteRunner.java:382)
	at org.testng.SuiteRunner.privateRun(SuiteRunner.java:340)
	at org.testng.SuiteRunner.run(SuiteRunner.java:289)
	at org.testng.SuiteRunnerWorker.runSuite(SuiteRunnerWorker.java:52)
	at org.testng.SuiteRunnerWorker.run(SuiteRunnerWorker.java:86)
	at org.testng.TestNG.runSuitesSequentially(TestNG.java:1293)
	at org.testng.TestNG.runSuitesLocally(TestNG.java:1218)
	at org.testng.TestNG.runSuites(TestNG.java:1133)
	at org.testng.TestNG.run(TestNG.java:1104)
	at org.testng.remote.AbstractRemoteTestNG.run(AbstractRemoteTestNG.java:132)
	at org.testng.remote.RemoteTestNG.initAndRun(RemoteTestNG.java:230)
	at org.testng.remote.RemoteTestNG.main(RemoteTestNG.java:76)
]]>
            </full-stacktrace>
          </exception> <!-- org.testng.SkipException -->
          <reporter-output>
          </reporter-output>
        </test-method> <!-- userLogin -->
        <test-method status="PASS" signature="afterMethod(org.testng.ITestResult)[pri:0, instance:MavenProj.homePage.TC_newUser@35fc6dc4]" name="afterMethod" is-config="true" duration-ms="1" started-at="2017-09-15T16:49:14Z" finished-at="2017-09-15T16:49:14Z">
          <params>
            <param index="0">
              <value>
                <![CDATA[[TestResult name=userLogin status=SKIP method=TC_newUser.userLogin(java.lang.String, java.lang.String, java.lang.String)[pri:1, instance:MavenProj.homePage.TC_newUser@35fc6dc4] output={null}]]]>
              </value>
            </param>
          </params>
          <reporter-output>
          </reporter-output>
        </test-method> <!-- afterMethod -->
        <test-method status="PASS" signature="beforeMethod(java.lang.reflect.Method)[pri:0, instance:MavenProj.homePage.TC_newUser@35fc6dc4]" name="beforeMethod" is-config="true" duration-ms="1" started-at="2017-09-15T16:49:14Z" finished-at="2017-09-15T16:49:14Z">
          <params>
            <param index="0">
              <value>
                <![CDATA[public void MavenProj.homePage.TC_newUser.newUserRegistration()]]>
              </value>
            </param>
          </params>
          <reporter-output>
          </reporter-output>
        </test-method> <!-- beforeMethod -->
        <test-method status="PASS" signature="newUserRegistration()[pri:2, instance:MavenProj.homePage.TC_newUser@35fc6dc4]" name="newUserRegistration" duration-ms="12760" started-at="2017-09-15T16:49:14Z" finished-at="2017-09-15T16:49:27Z">
          <reporter-output>
          </reporter-output>
        </test-method> <!-- newUserRegistration -->
        <test-method status="PASS" signature="afterMethod(org.testng.ITestResult)[pri:0, instance:MavenProj.homePage.TC_newUser@35fc6dc4]" name="afterMethod" is-config="true" duration-ms="0" started-at="2017-09-15T16:49:27Z" finished-at="2017-09-15T16:49:27Z">
          <params>
            <param index="0">
              <value>
                <![CDATA[[TestResult name=newUserRegistration status=SUCCESS method=TC_newUser.newUserRegistration()[pri:2, instance:MavenProj.homePage.TC_newUser@35fc6dc4] output={null}]]]>
              </value>
            </param>
          </params>
          <reporter-output>
          </reporter-output>
        </test-method> <!-- afterMethod -->
        <test-method status="PASS" signature="testEnd()[pri:0, instance:MavenProj.homePage.TC_newUser@35fc6dc4]" name="testEnd" is-config="true" duration-ms="1031" started-at="2017-09-15T16:49:27Z" finished-at="2017-09-15T16:49:28Z">
          <reporter-output>
          </reporter-output>
        </test-method> <!-- testEnd -->
      </class> <!-- MavenProj.homePage.TC_newUser -->
    </test> <!-- Default test -->
  </suite> <!-- Default suite -->
</testng-results>
